ERROR - 2024-01-16 13:37:02 --> Email: sendWithSmtp throwed ErrorException: fsockopen(): php_network_getaddresses: getaddrinfo for your-smtp-host.com failed: nodename nor servname provided, or not known in /Applications/MAMP/htdocs/Handy-man-Web/handyman-Website-ci4/system/Email/Email.php:1885
Stack trace:
#0 [internal function]: CodeIgniter\Debug\Exceptions->errorHandler(2, 'fsockopen(): ph...', '/Applications/M...', 1885)
#1 /Applications/MAMP/htdocs/Handy-man-Web/handyman-Website-ci4/system/Email/Email.php(1885): fsockopen('your-smtp-host....', 587, NULL, NULL, 5)
#2 /Applications/MAMP/htdocs/Handy-man-Web/handyman-Website-ci4/system/Email/Email.php(1798): CodeIgniter\Email\Email->SMTPConnect()
#3 /Applications/MAMP/htdocs/Handy-man-Web/handyman-Website-ci4/system/Email/Email.php(1683): CodeIgniter\Email\Email->sendWithSmtp()
#4 /Applications/MAMP/htdocs/Handy-man-Web/handyman-Website-ci4/system/Email/Email.php(1577): CodeIgniter\Email\Email->spoolEmail()
#5 /Applications/MAMP/htdocs/Handy-man-Web/handyman-Website-ci4/app/Controllers/ContactUs.php(44): CodeIgniter\Email\Email->send()
#6 /Applications/MAMP/htdocs/Handy-man-Web/handyman-Website-ci4/system/CodeIgniter.php(941): App\Controllers\ContactUs->sendMessage()
#7 /Applications/MAMP/htdocs/Handy-man-Web/handyman-Website-ci4/system/CodeIgniter.php(502): CodeIgniter\CodeIgniter->runController(Object(App\Controllers\ContactUs))
#8 /Applications/MAMP/htdocs/Handy-man-Web/handyman-Website-ci4/system/CodeIgniter.php(361): CodeIgniter\CodeIgniter->handleRequest(NULL, Object(Config\Cache), false)
#9 /Applications/MAMP/htdocs/Handy-man-Web/handyman-Website-ci4/public/index.php(79): CodeIgniter\CodeIgniter->run()
#10 /Applications/MAMP/htdocs/Handy-man-Web/handyman-Website-ci4/system/Commands/Server/rewrite.php(47): require_once('/Applications/M...')
#11 {main}
ERROR - 2024-01-16 13:37:02 --> Email: Unable to send email using SMTP. Your server might not be configured to send mail using this method.
ERROR - 2024-01-16 13:37:02 --> 
ERROR - 2024-01-16 13:37:02 --> Email send failed: Unable to send email using SMTP. Your server might not be configured to send mail using this method.<br><pre>Date: Tue, 16 Jan 2024 13:37:01 +0000
To: glowingemp103@gmail.com
From: &quot;asad&quot; &lt;asad.sabri19@gmail.com&gt;
Return-Path: &lt;asad.sabri19@gmail.com&gt;
Subject: =?UTF-8?Q?AC=20Maintenance?=
Reply-To: &lt;asad.sabri19@gmail.com&gt;
User-Agent: CodeIgniter
X-Sender: asad.sabri19@gmail.com
X-Mailer: CodeIgniter
X-Priority: 3 (Normal)
Message-ID: &lt;65a6867dea6c51.24388097@gmail.com&gt;
Mime-Version: 1.0


Content-Type: text/plain; charset=UTF-8
Content-Transfer-Encoding: 8bit

Name: asad
Email: asad.sabri19@gmail.com
Phone: 1672387712312
Message: help me !
</pre>
