CRITICAL - 2024-01-04 11:54:11 --> CodeIgniter\Router\Exceptions\RouterException: The namespace delimiter is a backslash (\), not a slash (/). Route handler: "\App\Controllers\about/index"
in SYSTEMPATH/Router/Router.php on line 479.
 1 SYSTEMPATH/Router/Router.php(479): CodeIgniter\Router\Exceptions\RouterException::forInvalidControllerName('\\App\\Controllers\\about/index')
 2 SYSTEMPATH/Router/Router.php(186): CodeIgniter\Router\Router->checkRoutes('aboutUs')
 3 SYSTEMPATH/CodeIgniter.php(823): CodeIgniter\Router\Router->handle('aboutUs')
 4 SYSTEMPATH/CodeIgniter.php(450): CodeIgniter\CodeIgniter->tryToRouteIt(Object(CodeIgniter\Router\RouteCollection))
 5 SYSTEMPATH/CodeIgniter.php(361): CodeIgniter\CodeIgniter->handleRequest(null, Object(Config\Cache), false)
 6 FCPATH/index.php(79): CodeIgniter\CodeIgniter->run()
 7 SYSTEMPATH/Commands/Server/rewrite.php(47): require_once('/Applications/MAMP/htdocs/Homfixers-Website/public/index.php')
CRITICAL - 2024-01-04 11:55:02 --> CodeIgniter\Router\Exceptions\RouterException: The namespace delimiter is a backslash (\), not a slash (/). Route handler: "\App\Controllers\about/index"
in SYSTEMPATH/Router/Router.php on line 479.
 1 SYSTEMPATH/Router/Router.php(479): CodeIgniter\Router\Exceptions\RouterException::forInvalidControllerName('\\App\\Controllers\\about/index')
 2 SYSTEMPATH/Router/Router.php(186): CodeIgniter\Router\Router->checkRoutes('aboutUs')
 3 SYSTEMPATH/CodeIgniter.php(823): CodeIgniter\Router\Router->handle('aboutUs')
 4 SYSTEMPATH/CodeIgniter.php(450): CodeIgniter\CodeIgniter->tryToRouteIt(Object(CodeIgniter\Router\RouteCollection))
 5 SYSTEMPATH/CodeIgniter.php(361): CodeIgniter\CodeIgniter->handleRequest(null, Object(Config\Cache), false)
 6 FCPATH/index.php(79): CodeIgniter\CodeIgniter->run()
 7 SYSTEMPATH/Commands/Server/rewrite.php(47): require_once('/Applications/MAMP/htdocs/Homfixers-Website/public/index.php')
CRITICAL - 2024-01-04 11:55:03 --> CodeIgniter\Router\Exceptions\RouterException: The namespace delimiter is a backslash (\), not a slash (/). Route handler: "\App\Controllers\about/index"
in SYSTEMPATH/Router/Router.php on line 479.
 1 SYSTEMPATH/Router/Router.php(479): CodeIgniter\Router\Exceptions\RouterException::forInvalidControllerName('\\App\\Controllers\\about/index')
 2 SYSTEMPATH/Router/Router.php(186): CodeIgniter\Router\Router->checkRoutes('aboutUs')
 3 SYSTEMPATH/CodeIgniter.php(823): CodeIgniter\Router\Router->handle('aboutUs')
 4 SYSTEMPATH/CodeIgniter.php(450): CodeIgniter\CodeIgniter->tryToRouteIt(Object(CodeIgniter\Router\RouteCollection))
 5 SYSTEMPATH/CodeIgniter.php(361): CodeIgniter\CodeIgniter->handleRequest(null, Object(Config\Cache), false)
 6 FCPATH/index.php(79): CodeIgniter\CodeIgniter->run()
 7 SYSTEMPATH/Commands/Server/rewrite.php(47): require_once('/Applications/MAMP/htdocs/Homfixers-Website/public/index.php')
